# JRE version: OpenJDK Runtime Environment Temurin-17.0.13+11 (17.0.13+11) (build 17.0.13+11)
# Java VM: OpenJDK 64-Bit Server VM Temurin-17.0.13+11 (17.0.13+11, mixed mode, tiered, compressed oops, compressed class ptrs, parallel gc, windows-amd64)
GC Precious Log:
 CPUs: 4 total, 4 available
 Memory: 3737M
 Large Page Support: Disabled
 NUMA Support: Disabled
 Compressed Oops: Enabled (32-bit)
 Alignments: Space 512K, Generation 512K, Heap 2M
 Heap Min Capacity: 100M
 Heap Initial Capacity: 100M
 Heap Max Capacity: 1G
 Pre-touch: Disabled
 Parallel Workers: 4
Heap:
 PSYoungGen      total 4096K, used 3583K [0x00000000eab00000, 0x00000000eb000000, 0x0000000100000000)
  eden space 3072K, 96% used [0x00000000eab00000,0x00000000eade1d40,0x00000000eae00000)
  from space 1024K, 61% used [0x00000000eaf00000,0x00000000eaf9e058,0x00000000eb000000)
  to   space 1024K, 0% used [0x00000000eae00000,0x00000000eae00000,0x00000000eaf00000)
 ParOldGen       total 211968K, used 201320K [0x00000000c0000000, 0x00000000ccf00000, 0x00000000eab00000)
  object space 211968K, 94% used [0x00000000c0000000,0x00000000cc49a1e0,0x00000000ccf00000)
 Metaspace       used 71632K, committed 72704K, reserved 1114112K
  class space    used 8270K, committed 8768K, reserved 1048576K
GC Heap History (20 events):
Event: 201.614 GC heap before
{Heap before GC invocations=180 (full 9):
 PSYoungGen      total 3072K, used 2400K [0x00000000eab00000, 0x00000000eaf00000, 0x0000000100000000)
  eden space 2048K, 100% used [0x00000000eab00000,0x00000000ead00000,0x00000000ead00000)
  from space 1024K, 34% used [0x00000000eae00000,0x00000000eae58000,0x00000000eaf00000)
  to   space 1024K, 0% used [0x00000000ead00000,0x00000000ead00000,0x00000000eae00000)
 ParOldGen       total 211968K, used 196461K [0x00000000c0000000, 0x00000000ccf00000, 0x00000000eab00000)
  object space 211968K, 92% used [0x00000000c0000000,0x00000000cbfdb5f8,0x00000000ccf00000)
 Metaspace       used 71627K, committed 72640K, reserved 1114112K
  class space    used 8267K, committed 8704K, reserved 1048576K
}
Event: 201.681 GC heap after
{Heap after GC invocations=180 (full 9):
 PSYoungGen      total 3072K, used 561K [0x00000000eab00000, 0x00000000eaf80000, 0x0000000100000000)
  eden space 2048K, 0% used [0x00000000eab00000,0x00000000eab00000,0x00000000ead00000)
  from space 1024K, 54% used [0x00000000ead00000,0x00000000ead8c788,0x00000000eae00000)
  to   space 1024K, 0% used [0x00000000eae80000,0x00000000eae80000,0x00000000eaf80000)
 ParOldGen       total 211968K, used 196767K [0x00000000c0000000, 0x00000000ccf00000, 0x00000000eab00000)
  object space 211968K, 92% used [0x00000000c0000000,0x00000000cc027fc0,0x00000000ccf00000)
 Metaspace       used 71627K, committed 72640K, reserved 1114112K
  class space    used 8267K, committed 8704K, reserved 1048576K
}
Event: 201.984 GC heap before
{Heap before GC invocations=181 (full 9):
 PSYoungGen      total 3072K, used 2609K [0x00000000eab00000, 0x00000000eaf80000, 0x0000000100000000)
  eden space 2048K, 99% used [0x00000000eab00000,0x00000000eacfff78,0x00000000ead00000)
  from space 1024K, 54% used [0x00000000ead00000,0x00000000ead8c788,0x00000000eae00000)
  to   space 1024K, 0% used [0x00000000eae80000,0x00000000eae80000,0x00000000eaf80000)
 ParOldGen       total 211968K, used 196767K [0x00000000c0000000, 0x00000000ccf00000, 0x00000000eab00000)
  object space 211968K, 92% used [0x00000000c0000000,0x00000000cc027fc0,0x00000000ccf00000)
 Metaspace       used 71629K, committed 72640K, reserved 1114112K
  class space    used 8268K, committed 8704K, reserved 1048576K
}
Event: 202.007 GC heap after
{Heap after GC invocations=181 (full 9):
 PSYoungGen      total 3072K, used 528K [0x00000000eab00000, 0x00000000eaf80000, 0x0000000100000000)
  eden space 2048K, 0% used [0x00000000eab00000,0x00000000eab00000,0x00000000ead00000)
  from space 1024K, 51% used [0x00000000eae80000,0x00000000eaf040a0,0x00000000eaf80000)
  to   space 1024K, 0% used [0x00000000ead00000,0x00000000ead00000,0x00000000eae00000)
 ParOldGen       total 211968K, used 197253K [0x00000000c0000000, 0x00000000ccf00000, 0x00000000eab00000)
  object space 211968K, 93% used [0x00000000c0000000,0x00000000cc0a1600,0x00000000ccf00000)
 Metaspace       used 71629K, committed 72640K, reserved 1114112K
  class space    used 8268K, committed 8704K, reserved 1048576K
}
Event: 202.272 GC heap before
{Heap before GC invocations=182 (full 9):
 PSYoungGen      total 3072K, used 2576K [0x00000000eab00000, 0x00000000eaf80000, 0x0000000100000000)
  eden space 2048K, 100% used [0x00000000eab00000,0x00000000ead00000,0x00000000ead00000)
  from space 1024K, 51% used [0x00000000eae80000,0x00000000eaf040a0,0x00000000eaf80000)
  to   space 1024K, 0% used [0x00000000ead00000,0x00000000ead00000,0x00000000eae00000)
 ParOldGen       total 211968K, used 197253K [0x00000000c0000000, 0x00000000ccf00000, 0x00000000eab00000)
  object space 211968K, 93% used [0x00000000c0000000,0x00000000cc0a1600,0x00000000ccf00000)
 Metaspace       used 71632K, committed 72704K, reserved 1114112K
  class space    used 8270K, committed 8768K, reserved 1048576K
}
Event: 202.300 GC heap after
{Heap after GC invocations=182 (full 9):
 PSYoungGen      total 3072K, used 693K [0x00000000eab00000, 0x00000000eaf00000, 0x0000000100000000)
  eden space 2048K, 0% used [0x00000000eab00000,0x00000000eab00000,0x00000000ead00000)
  from space 1024K, 67% used [0x00000000ead00000,0x00000000eadad5b0,0x00000000eae00000)
  to   space 1024K, 0% used [0x00000000eae00000,0x00000000eae00000,0x00000000eaf00000)
 ParOldGen       total 211968K, used 197731K [0x00000000c0000000, 0x00000000ccf00000, 0x00000000eab00000)
  object space 211968K, 93% used [0x00000000c0000000,0x00000000cc118c20,0x00000000ccf00000)
 Metaspace       used 71632K, committed 72704K, reserved 1114112K
  class space    used 8270K, committed 8768K, reserved 1048576K
}
Event: 202.383 GC heap before
{Heap before GC invocations=183 (full 9):
 PSYoungGen      total 3072K, used 2601K [0x00000000eab00000, 0x00000000eaf00000, 0x0000000100000000)
  eden space 2048K, 93% used [0x00000000eab00000,0x00000000eacdd030,0x00000000ead00000)
  from space 1024K, 67% used [0x00000000ead00000,0x00000000eadad5b0,0x00000000eae00000)
  to   space 1024K, 0% used [0x00000000eae00000,0x00000000eae00000,0x00000000eaf00000)
 ParOldGen       total 211968K, used 197731K [0x00000000c0000000, 0x00000000ccf00000, 0x00000000eab00000)
  object space 211968K, 93% used [0x00000000c0000000,0x00000000cc118c20,0x00000000ccf00000)
 Metaspace       used 71632K, committed 72704K, reserved 1114112K
  class space    used 8270K, committed 8768K, reserved 1048576K
}
Event: 202.417 GC heap after
{Heap after GC invocations=183 (full 9):
 PSYoungGen      total 3072K, used 474K [0x00000000eab00000, 0x00000000eaf80000, 0x0000000100000000)
  eden space 2048K, 0% used [0x00000000eab00000,0x00000000eab00000,0x00000000ead00000)
  from space 1024K, 46% used [0x00000000eae00000,0x00000000eae76b48,0x00000000eaf00000)
  to   space 1024K, 0% used [0x00000000ead00000,0x00000000ead00000,0x00000000eae00000)
 ParOldGen       total 211968K, used 198293K [0x00000000c0000000, 0x00000000ccf00000, 0x00000000eab00000)
  object space 211968K, 93% used [0x00000000c0000000,0x00000000cc1a5718,0x00000000ccf00000)
 Metaspace       used 71632K, committed 72704K, reserved 1114112K
  class space    used 8270K, committed 8768K, reserved 1048576K
}
Event: 202.446 GC heap before
{Heap before GC invocations=184 (full 9):
 PSYoungGen      total 3072K, used 2522K [0x00000000eab00000, 0x00000000eaf80000, 0x0000000100000000)
  eden space 2048K, 100% used [0x00000000eab00000,0x00000000ead00000,0x00000000ead00000)
  from space 1024K, 46% used [0x00000000eae00000,0x00000000eae76b48,0x00000000eaf00000)
  to   space 1024K, 0% used [0x00000000ead00000,0x00000000ead00000,0x00000000eae00000)
 ParOldGen       total 211968K, used 198293K [0x00000000c0000000, 0x00000000ccf00000, 0x00000000eab00000)
  object space 211968K, 93% used [0x00000000c0000000,0x00000000cc1a5718,0x00000000ccf00000)
 Metaspace       used 71632K, committed 72704K, reserved 1114112K
  class space    used 8270K, committed 8768K, reserved 1048576K
}
Event: 202.449 GC heap after
{Heap after GC invocations=184 (full 9):
 PSYoungGen      total 3072K, used 621K [0x00000000eab00000, 0x00000000eaf00000, 0x0000000100000000)
  eden space 2048K, 0% used [0x00000000eab00000,0x00000000eab00000,0x00000000ead00000)
  from space 1024K, 60% used [0x00000000ead00000,0x00000000ead9b558,0x00000000eae00000)
  to   space 1024K, 0% used [0x00000000eae00000,0x00000000eae00000,0x00000000eaf00000)
 ParOldGen       total 211968K, used 198704K [0x00000000c0000000, 0x00000000ccf00000, 0x00000000eab00000)
  object space 211968K, 93% used [0x00000000c0000000,0x00000000cc20c280,0x00000000ccf00000)
 Metaspace       used 71632K, committed 72704K, reserved 1114112K
  class space    used 8270K, committed 8768K, reserved 1048576K
}
Event: 202.477 GC heap before
{Heap before GC invocations=185 (full 9):
 PSYoungGen      total 3072K, used 2669K [0x00000000eab00000, 0x00000000eaf00000, 0x0000000100000000)
  eden space 2048K, 100% used [0x00000000eab00000,0x00000000ead00000,0x00000000ead00000)
  from space 1024K, 60% used [0x00000000ead00000,0x00000000ead9b558,0x00000000eae00000)
  to   space 1024K, 0% used [0x00000000eae00000,0x00000000eae00000,0x00000000eaf00000)
 ParOldGen       total 211968K, used 198704K [0x00000000c0000000, 0x00000000ccf00000, 0x00000000eab00000)
  object space 211968K, 93% used [0x00000000c0000000,0x00000000cc20c280,0x00000000ccf00000)
 Metaspace       used 71632K, committed 72704K, reserved 1114112K
  class space    used 8270K, committed 8768K, reserved 1048576K
}
Event: 202.508 GC heap after
{Heap after GC invocations=185 (full 9):
 PSYoungGen      total 3072K, used 548K [0x00000000eab00000, 0x00000000eaf80000, 0x0000000100000000)
  eden space 2048K, 0% used [0x00000000eab00000,0x00000000eab00000,0x00000000ead00000)
  from space 1024K, 53% used [0x00000000eae00000,0x00000000eae89260,0x00000000eaf00000)
  to   space 1024K, 0% used [0x00000000ead00000,0x00000000ead00000,0x00000000eae00000)
 ParOldGen       total 211968K, used 199244K [0x00000000c0000000, 0x00000000ccf00000, 0x00000000eab00000)
  object space 211968K, 93% used [0x00000000c0000000,0x00000000cc293230,0x00000000ccf00000)
 Metaspace       used 71632K, committed 72704K, reserved 1114112K
  class space    used 8270K, committed 8768K, reserved 1048576K
}
Event: 202.564 GC heap before
{Heap before GC invocations=186 (full 9):
 PSYoungGen      total 3072K, used 2596K [0x00000000eab00000, 0x00000000eaf80000, 0x0000000100000000)
  eden space 2048K, 100% used [0x00000000eab00000,0x00000000ead00000,0x00000000ead00000)
  from space 1024K, 53% used [0x00000000eae00000,0x00000000eae89260,0x00000000eaf00000)
  to   space 1024K, 0% used [0x00000000ead00000,0x00000000ead00000,0x00000000eae00000)
 ParOldGen       total 211968K, used 199244K [0x00000000c0000000, 0x00000000ccf00000, 0x00000000eab00000)
  object space 211968K, 93% used [0x00000000c0000000,0x00000000cc293230,0x00000000ccf00000)
 Metaspace       used 71632K, committed 72704K, reserved 1114112K
  class space    used 8270K, committed 8768K, reserved 1048576K
}
Event: 202.567 GC heap after
{Heap after GC invocations=186 (full 9):
 PSYoungGen      total 3072K, used 547K [0x00000000eab00000, 0x00000000eaf80000, 0x0000000100000000)
  eden space 2048K, 0% used [0x00000000eab00000,0x00000000eab00000,0x00000000ead00000)
  from space 1024K, 53% used [0x00000000ead00000,0x00000000ead88cd8,0x00000000eae00000)
  to   space 1024K, 0% used [0x00000000eae80000,0x00000000eae80000,0x00000000eaf80000)
 ParOldGen       total 211968K, used 199724K [0x00000000c0000000, 0x00000000ccf00000, 0x00000000eab00000)
  object space 211968K, 94% used [0x00000000c0000000,0x00000000cc30b170,0x00000000ccf00000)
 Metaspace       used 71632K, committed 72704K, reserved 1114112K
  class space    used 8270K, committed 8768K, reserved 1048576K
}
Event: 202.602 GC heap before
{Heap before GC invocations=187 (full 9):
 PSYoungGen      total 3072K, used 2595K [0x00000000eab00000, 0x00000000eaf80000, 0x0000000100000000)
  eden space 2048K, 100% used [0x00000000eab00000,0x00000000ead00000,0x00000000ead00000)
  from space 1024K, 53% used [0x00000000ead00000,0x00000000ead88cd8,0x00000000eae00000)
  to   space 1024K, 0% used [0x00000000eae80000,0x00000000eae80000,0x00000000eaf80000)
 ParOldGen       total 211968K, used 199724K [0x00000000c0000000, 0x00000000ccf00000, 0x00000000eab00000)
  object space 211968K, 94% used [0x00000000c0000000,0x00000000cc30b170,0x00000000ccf00000)
 Metaspace       used 71632K, committed 72704K, reserved 1114112K
  class space    used 8270K, committed 8768K, reserved 1048576K
}
Event: 202.639 GC heap after
{Heap after GC invocations=187 (full 9):
 PSYoungGen      total 3584K, used 517K [0x00000000eab00000, 0x00000000eaf80000, 0x0000000100000000)
  eden space 2560K, 0% used [0x00000000eab00000,0x00000000eab00000,0x00000000ead80000)
  from space 1024K, 50% used [0x00000000eae80000,0x00000000eaf01788,0x00000000eaf80000)
  to   space 1024K, 0% used [0x00000000ead80000,0x00000000ead80000,0x00000000eae80000)
 ParOldGen       total 211968K, used 200197K [0x00000000c0000000, 0x00000000ccf00000, 0x00000000eab00000)
  object space 211968K, 94% used [0x00000000c0000000,0x00000000cc381558,0x00000000ccf00000)
 Metaspace       used 71632K, committed 72704K, reserved 1114112K
  class space    used 8270K, committed 8768K, reserved 1048576K
}
Event: 202.697 GC heap before
{Heap before GC invocations=188 (full 9):
 PSYoungGen      total 3584K, used 3077K [0x00000000eab00000, 0x00000000eaf80000, 0x0000000100000000)
  eden space 2560K, 100% used [0x00000000eab00000,0x00000000ead80000,0x00000000ead80000)
  from space 1024K, 50% used [0x00000000eae80000,0x00000000eaf01788,0x00000000eaf80000)
  to   space 1024K, 0% used [0x00000000ead80000,0x00000000ead80000,0x00000000eae80000)
 ParOldGen       total 211968K, used 200197K [0x00000000c0000000, 0x00000000ccf00000, 0x00000000eab00000)
  object space 211968K, 94% used [0x00000000c0000000,0x00000000cc381558,0x00000000ccf00000)
 Metaspace       used 71632K, committed 72704K, reserved 1114112K
  class space    used 8270K, committed 8768K, reserved 1048576K
}
Event: 202.715 GC heap after
{Heap after GC invocations=188 (full 9):
 PSYoungGen      total 3584K, used 712K [0x00000000eab00000, 0x00000000eb000000, 0x0000000100000000)
  eden space 2560K, 0% used [0x00000000eab00000,0x00000000eab00000,0x00000000ead80000)
  from space 1024K, 69% used [0x00000000ead80000,0x00000000eae322d8,0x00000000eae80000)
  to   space 1024K, 0% used [0x00000000eaf00000,0x00000000eaf00000,0x00000000eb000000)
 ParOldGen       total 211968K, used 200667K [0x00000000c0000000, 0x00000000ccf00000, 0x00000000eab00000)
  object space 211968K, 94% used [0x00000000c0000000,0x00000000cc3f6d38,0x00000000ccf00000)
 Metaspace       used 71632K, committed 72704K, reserved 1114112K
  class space    used 8270K, committed 8768K, reserved 1048576K
}
Event: 202.771 GC heap before
{Heap before GC invocations=189 (full 9):
 PSYoungGen      total 3584K, used 3272K [0x00000000eab00000, 0x00000000eb000000, 0x0000000100000000)
  eden space 2560K, 100% used [0x00000000eab00000,0x00000000ead80000,0x00000000ead80000)
  from space 1024K, 69% used [0x00000000ead80000,0x00000000eae322d8,0x00000000eae80000)
  to   space 1024K, 0% used [0x00000000eaf00000,0x00000000eaf00000,0x00000000eb000000)
 ParOldGen       total 211968K, used 200667K [0x00000000c0000000, 0x00000000ccf00000, 0x00000000eab00000)
  object space 211968K, 94% used [0x00000000c0000000,0x00000000cc3f6d38,0x00000000ccf00000)
 Metaspace       used 71632K, committed 72704K, reserved 1114112K
  class space    used 8270K, committed 8768K, reserved 1048576K
}
Event: 202.799 GC heap after
{Heap after GC invocations=189 (full 9):
 PSYoungGen      total 4096K, used 632K [0x00000000eab00000, 0x00000000eb000000, 0x0000000100000000)
  eden space 3072K, 0% used [0x00000000eab00000,0x00000000eab00000,0x00000000eae00000)
  from space 1024K, 61% used [0x00000000eaf00000,0x00000000eaf9e058,0x00000000eb000000)
  to   space 1024K, 0% used [0x00000000eae00000,0x00000000eae00000,0x00000000eaf00000)
 ParOldGen       total 211968K, used 201320K [0x00000000c0000000, 0x00000000ccf00000, 0x00000000eab00000)
  object space 211968K, 94% used [0x00000000c0000000,0x00000000cc49a1e0,0x00000000ccf00000)
 Metaspace       used 71632K, committed 72704K, reserved 1114112K
  class space    used 8270K, committed 8768K, reserved 1048576K
}

