# JRE version: OpenJDK Runtime Environment Temurin-17.0.13+11 (17.0.13+11) (build 17.0.13+11)
# Java VM: OpenJDK 64-Bit Server VM Temurin-17.0.13+11 (17.0.13+11, mixed mode, tiered, compressed oops, compressed class ptrs, parallel gc, windows-amd64)
GC Precious Log:
 CPUs: 4 total, 4 available
 Memory: 3737M
 Large Page Support: Disabled
 NUMA Support: Disabled
 Compressed Oops: Enabled (32-bit)
 Alignments: Space 512K, Generation 512K, Heap 2M
 Heap Min Capacity: 100M
 Heap Initial Capacity: 100M
 Heap Max Capacity: 1G
 Pre-touch: Disabled
 Parallel Workers: 4
Heap:
 PSYoungGen      total 20992K, used 4269K [0x00000000eab00000, 0x00000000ec180000, 0x0000000100000000)
  eden space 20480K, 18% used [0x00000000eab00000,0x00000000eaebd1b8,0x00000000ebf00000)
  from space 512K, 86% used [0x00000000ec100000,0x00000000ec16e490,0x00000000ec180000)
  to   space 1024K, 0% used [0x00000000ebf80000,0x00000000ebf80000,0x00000000ec080000)
 ParOldGen       total 68608K, used 30712K [0x00000000c0000000, 0x00000000c4300000, 0x00000000eab00000)
  object space 68608K, 44% used [0x00000000c0000000,0x00000000c1dfe388,0x00000000c4300000)
 Metaspace       used 48388K, committed 49344K, reserved 1114112K
  class space    used 4813K, committed 5248K, reserved 1048576K
GC Heap History (20 events):
Event: 118.300 GC heap before
{Heap before GC invocations=17 (full 2):
 PSYoungGen      total 23040K, used 23039K [0x00000000eab00000, 0x00000000ec880000, 0x0000000100000000)
  eden space 21504K, 100% used [0x00000000eab00000,0x00000000ec000000,0x00000000ec000000)
  from space 1536K, 99% used [0x00000000ec400000,0x00000000ec57fee8,0x00000000ec580000)
  to   space 4096K, 0% used [0x00000000ec000000,0x00000000ec000000,0x00000000ec400000)
 ParOldGen       total 68608K, used 19837K [0x00000000c0000000, 0x00000000c4300000, 0x00000000eab00000)
  object space 68608K, 28% used [0x00000000c0000000,0x00000000c135f450,0x00000000c4300000)
 Metaspace       used 42071K, committed 42816K, reserved 1114112K
  class space    used 4219K, committed 4544K, reserved 1048576K
}
Event: 118.304 GC heap after
{Heap after GC invocations=17 (full 2):
 PSYoungGen      total 22528K, used 613K [0x00000000eab00000, 0x00000000ec480000, 0x0000000100000000)
  eden space 21504K, 0% used [0x00000000eab00000,0x00000000eab00000,0x00000000ec000000)
  from space 1024K, 59% used [0x00000000ec000000,0x00000000ec0994e8,0x00000000ec100000)
  to   space 2048K, 0% used [0x00000000ec280000,0x00000000ec280000,0x00000000ec480000)
 ParOldGen       total 68608K, used 20582K [0x00000000c0000000, 0x00000000c4300000, 0x00000000eab00000)
  object space 68608K, 30% used [0x00000000c0000000,0x00000000c1419bc0,0x00000000c4300000)
 Metaspace       used 42071K, committed 42816K, reserved 1114112K
  class space    used 4219K, committed 4544K, reserved 1048576K
}
Event: 122.028 GC heap before
{Heap before GC invocations=18 (full 2):
 PSYoungGen      total 22528K, used 22117K [0x00000000eab00000, 0x00000000ec480000, 0x0000000100000000)
  eden space 21504K, 100% used [0x00000000eab00000,0x00000000ec000000,0x00000000ec000000)
  from space 1024K, 59% used [0x00000000ec000000,0x00000000ec0994e8,0x00000000ec100000)
  to   space 2048K, 0% used [0x00000000ec280000,0x00000000ec280000,0x00000000ec480000)
 ParOldGen       total 68608K, used 20582K [0x00000000c0000000, 0x00000000c4300000, 0x00000000eab00000)
  object space 68608K, 30% used [0x00000000c0000000,0x00000000c1419bc0,0x00000000c4300000)
 Metaspace       used 43527K, committed 44352K, reserved 1114112K
  class space    used 4394K, committed 4736K, reserved 1048576K
}
Event: 122.031 GC heap after
{Heap after GC invocations=18 (full 2):
 PSYoungGen      total 22016K, used 456K [0x00000000eab00000, 0x00000000ec300000, 0x0000000100000000)
  eden space 21504K, 0% used [0x00000000eab00000,0x00000000eab00000,0x00000000ec000000)
  from space 512K, 89% used [0x00000000ec280000,0x00000000ec2f22b0,0x00000000ec300000)
  to   space 1024K, 0% used [0x00000000ec100000,0x00000000ec100000,0x00000000ec200000)
 ParOldGen       total 68608K, used 20606K [0x00000000c0000000, 0x00000000c4300000, 0x00000000eab00000)
  object space 68608K, 30% used [0x00000000c0000000,0x00000000c141fbc0,0x00000000c4300000)
 Metaspace       used 43527K, committed 44352K, reserved 1114112K
  class space    used 4394K, committed 4736K, reserved 1048576K
}
Event: 126.908 GC heap before
{Heap before GC invocations=19 (full 2):
 PSYoungGen      total 22016K, used 21960K [0x00000000eab00000, 0x00000000ec300000, 0x0000000100000000)
  eden space 21504K, 100% used [0x00000000eab00000,0x00000000ec000000,0x00000000ec000000)
  from space 512K, 89% used [0x00000000ec280000,0x00000000ec2f22b0,0x00000000ec300000)
  to   space 1024K, 0% used [0x00000000ec100000,0x00000000ec100000,0x00000000ec200000)
 ParOldGen       total 68608K, used 20606K [0x00000000c0000000, 0x00000000c4300000, 0x00000000eab00000)
  object space 68608K, 30% used [0x00000000c0000000,0x00000000c141fbc0,0x00000000c4300000)
 Metaspace       used 45214K, committed 45952K, reserved 1114112K
  class space    used 4546K, committed 4864K, reserved 1048576K
}
Event: 126.911 GC heap after
{Heap after GC invocations=19 (full 2):
 PSYoungGen      total 22528K, used 896K [0x00000000eab00000, 0x00000000ec300000, 0x0000000100000000)
  eden space 21504K, 0% used [0x00000000eab00000,0x00000000eab00000,0x00000000ec000000)
  from space 1024K, 87% used [0x00000000ec100000,0x00000000ec1e0020,0x00000000ec200000)
  to   space 1024K, 0% used [0x00000000ec200000,0x00000000ec200000,0x00000000ec300000)
 ParOldGen       total 68608K, used 20886K [0x00000000c0000000, 0x00000000c4300000, 0x00000000eab00000)
  object space 68608K, 30% used [0x00000000c0000000,0x00000000c1465bc0,0x00000000c4300000)
 Metaspace       used 45214K, committed 45952K, reserved 1114112K
  class space    used 4546K, committed 4864K, reserved 1048576K
}
Event: 128.791 GC heap before
{Heap before GC invocations=20 (full 2):
 PSYoungGen      total 22528K, used 22400K [0x00000000eab00000, 0x00000000ec300000, 0x0000000100000000)
  eden space 21504K, 100% used [0x00000000eab00000,0x00000000ec000000,0x00000000ec000000)
  from space 1024K, 87% used [0x00000000ec100000,0x00000000ec1e0020,0x00000000ec200000)
  to   space 1024K, 0% used [0x00000000ec200000,0x00000000ec200000,0x00000000ec300000)
 ParOldGen       total 68608K, used 20886K [0x00000000c0000000, 0x00000000c4300000, 0x00000000eab00000)
  object space 68608K, 30% used [0x00000000c0000000,0x00000000c1465bc0,0x00000000c4300000)
 Metaspace       used 46122K, committed 46912K, reserved 1114112K
  class space    used 4620K, committed 4992K, reserved 1048576K
}
Event: 128.808 GC heap after
{Heap after GC invocations=20 (full 2):
 PSYoungGen      total 22016K, used 259K [0x00000000eab00000, 0x00000000ec280000, 0x0000000100000000)
  eden space 21504K, 0% used [0x00000000eab00000,0x00000000eab00000,0x00000000ec000000)
  from space 512K, 50% used [0x00000000ec200000,0x00000000ec240cd8,0x00000000ec280000)
  to   space 512K, 0% used [0x00000000ec180000,0x00000000ec180000,0x00000000ec200000)
 ParOldGen       total 68608K, used 21775K [0x00000000c0000000, 0x00000000c4300000, 0x00000000eab00000)
  object space 68608K, 31% used [0x00000000c0000000,0x00000000c1543c20,0x00000000c4300000)
 Metaspace       used 46122K, committed 46912K, reserved 1114112K
  class space    used 4620K, committed 4992K, reserved 1048576K
}
Event: 132.334 GC heap before
{Heap before GC invocations=21 (full 2):
 PSYoungGen      total 22016K, used 21763K [0x00000000eab00000, 0x00000000ec280000, 0x0000000100000000)
  eden space 21504K, 100% used [0x00000000eab00000,0x00000000ec000000,0x00000000ec000000)
  from space 512K, 50% used [0x00000000ec200000,0x00000000ec240cd8,0x00000000ec280000)
  to   space 512K, 0% used [0x00000000ec180000,0x00000000ec180000,0x00000000ec200000)
 ParOldGen       total 68608K, used 21775K [0x00000000c0000000, 0x00000000c4300000, 0x00000000eab00000)
  object space 68608K, 31% used [0x00000000c0000000,0x00000000c1543c20,0x00000000c4300000)
 Metaspace       used 46422K, committed 47296K, reserved 1114112K
  class space    used 4640K, committed 5056K, reserved 1048576K
}
Event: 132.344 GC heap after
{Heap after GC invocations=21 (full 2):
 PSYoungGen      total 22016K, used 512K [0x00000000eab00000, 0x00000000ec300000, 0x0000000100000000)
  eden space 21504K, 0% used [0x00000000eab00000,0x00000000eab00000,0x00000000ec000000)
  from space 512K, 100% used [0x00000000ec180000,0x00000000ec200000,0x00000000ec200000)
  to   space 1024K, 0% used [0x00000000ec200000,0x00000000ec200000,0x00000000ec300000)
 ParOldGen       total 68608K, used 22603K [0x00000000c0000000, 0x00000000c4300000, 0x00000000eab00000)
  object space 68608K, 32% used [0x00000000c0000000,0x00000000c1612cc8,0x00000000c4300000)
 Metaspace       used 46422K, committed 47296K, reserved 1114112K
  class space    used 4640K, committed 5056K, reserved 1048576K
}
Event: 133.011 GC heap before
{Heap before GC invocations=22 (full 2):
 PSYoungGen      total 22016K, used 22016K [0x00000000eab00000, 0x00000000ec300000, 0x0000000100000000)
  eden space 21504K, 100% used [0x00000000eab00000,0x00000000ec000000,0x00000000ec000000)
  from space 512K, 100% used [0x00000000ec180000,0x00000000ec200000,0x00000000ec200000)
  to   space 1024K, 0% used [0x00000000ec200000,0x00000000ec200000,0x00000000ec300000)
 ParOldGen       total 68608K, used 22603K [0x00000000c0000000, 0x00000000c4300000, 0x00000000eab00000)
  object space 68608K, 32% used [0x00000000c0000000,0x00000000c1612cc8,0x00000000c4300000)
 Metaspace       used 46441K, committed 47296K, reserved 1114112K
  class space    used 4645K, committed 5056K, reserved 1048576K
}
Event: 133.018 GC heap after
{Heap after GC invocations=22 (full 2):
 PSYoungGen      total 21504K, used 1024K [0x00000000eab00000, 0x00000000ec600000, 0x0000000100000000)
  eden space 20480K, 0% used [0x00000000eab00000,0x00000000eab00000,0x00000000ebf00000)
  from space 1024K, 100% used [0x00000000ec200000,0x00000000ec300000,0x00000000ec300000)
  to   space 3072K, 0% used [0x00000000ebf00000,0x00000000ebf00000,0x00000000ec200000)
 ParOldGen       total 68608K, used 24296K [0x00000000c0000000, 0x00000000c4300000, 0x00000000eab00000)
  object space 68608K, 35% used [0x00000000c0000000,0x00000000c17ba1d0,0x00000000c4300000)
 Metaspace       used 46441K, committed 47296K, reserved 1114112K
  class space    used 4645K, committed 5056K, reserved 1048576K
}
Event: 133.292 GC heap before
{Heap before GC invocations=23 (full 2):
 PSYoungGen      total 21504K, used 21504K [0x00000000eab00000, 0x00000000ec600000, 0x0000000100000000)
  eden space 20480K, 100% used [0x00000000eab00000,0x00000000ebf00000,0x00000000ebf00000)
  from space 1024K, 100% used [0x00000000ec200000,0x00000000ec300000,0x00000000ec300000)
  to   space 3072K, 0% used [0x00000000ebf00000,0x00000000ebf00000,0x00000000ec200000)
 ParOldGen       total 68608K, used 24296K [0x00000000c0000000, 0x00000000c4300000, 0x00000000eab00000)
  object space 68608K, 35% used [0x00000000c0000000,0x00000000c17ba1d0,0x00000000c4300000)
 Metaspace       used 46442K, committed 47296K, reserved 1114112K
  class space    used 4645K, committed 5056K, reserved 1048576K
}
Event: 133.299 GC heap after
{Heap after GC invocations=23 (full 2):
 PSYoungGen      total 22528K, used 2016K [0x00000000eab00000, 0x00000000ec400000, 0x0000000100000000)
  eden space 20480K, 0% used [0x00000000eab00000,0x00000000eab00000,0x00000000ebf00000)
  from space 2048K, 98% used [0x00000000ebf00000,0x00000000ec0f8010,0x00000000ec100000)
  to   space 2560K, 0% used [0x00000000ec180000,0x00000000ec180000,0x00000000ec400000)
 ParOldGen       total 68608K, used 25328K [0x00000000c0000000, 0x00000000c4300000, 0x00000000eab00000)
  object space 68608K, 36% used [0x00000000c0000000,0x00000000c18bc1d0,0x00000000c4300000)
 Metaspace       used 46442K, committed 47296K, reserved 1114112K
  class space    used 4645K, committed 5056K, reserved 1048576K
}
Event: 133.807 GC heap before
{Heap before GC invocations=24 (full 2):
 PSYoungGen      total 22528K, used 22496K [0x00000000eab00000, 0x00000000ec400000, 0x0000000100000000)
  eden space 20480K, 100% used [0x00000000eab00000,0x00000000ebf00000,0x00000000ebf00000)
  from space 2048K, 98% used [0x00000000ebf00000,0x00000000ec0f8010,0x00000000ec100000)
  to   space 2560K, 0% used [0x00000000ec180000,0x00000000ec180000,0x00000000ec400000)
 ParOldGen       total 68608K, used 25328K [0x00000000c0000000, 0x00000000c4300000, 0x00000000eab00000)
  object space 68608K, 36% used [0x00000000c0000000,0x00000000c18bc1d0,0x00000000c4300000)
 Metaspace       used 46446K, committed 47296K, reserved 1114112K
  class space    used 4645K, committed 5056K, reserved 1048576K
}
Event: 133.815 GC heap after
{Heap after GC invocations=24 (full 2):
 PSYoungGen      total 22528K, used 1888K [0x00000000eab00000, 0x00000000ec380000, 0x0000000100000000)
  eden space 20480K, 0% used [0x00000000eab00000,0x00000000eab00000,0x00000000ebf00000)
  from space 2048K, 92% used [0x00000000ec180000,0x00000000ec358000,0x00000000ec380000)
  to   space 2048K, 0% used [0x00000000ebf00000,0x00000000ebf00000,0x00000000ec100000)
 ParOldGen       total 68608K, used 27232K [0x00000000c0000000, 0x00000000c4300000, 0x00000000eab00000)
  object space 68608K, 39% used [0x00000000c0000000,0x00000000c1a981e0,0x00000000c4300000)
 Metaspace       used 46446K, committed 47296K, reserved 1114112K
  class space    used 4645K, committed 5056K, reserved 1048576K
}
Event: 134.958 GC heap before
{Heap before GC invocations=25 (full 2):
 PSYoungGen      total 22528K, used 22368K [0x00000000eab00000, 0x00000000ec380000, 0x0000000100000000)
  eden space 20480K, 100% used [0x00000000eab00000,0x00000000ebf00000,0x00000000ebf00000)
  from space 2048K, 92% used [0x00000000ec180000,0x00000000ec358000,0x00000000ec380000)
  to   space 2048K, 0% used [0x00000000ebf00000,0x00000000ebf00000,0x00000000ec100000)
 ParOldGen       total 68608K, used 27232K [0x00000000c0000000, 0x00000000c4300000, 0x00000000eab00000)
  object space 68608K, 39% used [0x00000000c0000000,0x00000000c1a981e0,0x00000000c4300000)
 Metaspace       used 47367K, committed 48256K, reserved 1114112K
  class space    used 4711K, committed 5120K, reserved 1048576K
}
Event: 134.966 GC heap after
{Heap after GC invocations=25 (full 2):
 PSYoungGen      total 22528K, used 1848K [0x00000000eab00000, 0x00000000ec300000, 0x0000000100000000)
  eden space 20480K, 0% used [0x00000000eab00000,0x00000000eab00000,0x00000000ebf00000)
  from space 2048K, 90% used [0x00000000ebf00000,0x00000000ec0ce260,0x00000000ec100000)
  to   space 2048K, 0% used [0x00000000ec100000,0x00000000ec100000,0x00000000ec300000)
 ParOldGen       total 68608K, used 29040K [0x00000000c0000000, 0x00000000c4300000, 0x00000000eab00000)
  object space 68608K, 42% used [0x00000000c0000000,0x00000000c1c5c1e0,0x00000000c4300000)
 Metaspace       used 47367K, committed 48256K, reserved 1114112K
  class space    used 4711K, committed 5120K, reserved 1048576K
}
Event: 157.124 GC heap before
{Heap before GC invocations=26 (full 2):
 PSYoungGen      total 22528K, used 22328K [0x00000000eab00000, 0x00000000ec300000, 0x0000000100000000)
  eden space 20480K, 100% used [0x00000000eab00000,0x00000000ebf00000,0x00000000ebf00000)
  from space 2048K, 90% used [0x00000000ebf00000,0x00000000ec0ce260,0x00000000ec100000)
  to   space 2048K, 0% used [0x00000000ec100000,0x00000000ec100000,0x00000000ec300000)
 ParOldGen       total 68608K, used 29040K [0x00000000c0000000, 0x00000000c4300000, 0x00000000eab00000)
  object space 68608K, 42% used [0x00000000c0000000,0x00000000c1c5c1e0,0x00000000c4300000)
 Metaspace       used 48379K, committed 49344K, reserved 1114112K
  class space    used 4813K, committed 5248K, reserved 1048576K
}
Event: 157.546 GC heap after
{Heap after GC invocations=26 (full 2):
 PSYoungGen      total 20992K, used 441K [0x00000000eab00000, 0x00000000ec180000, 0x0000000100000000)
  eden space 20480K, 0% used [0x00000000eab00000,0x00000000eab00000,0x00000000ebf00000)
  from space 512K, 86% used [0x00000000ec100000,0x00000000ec16e490,0x00000000ec180000)
  to   space 1024K, 0% used [0x00000000ebf80000,0x00000000ebf80000,0x00000000ec080000)
 ParOldGen       total 68608K, used 30712K [0x00000000c0000000, 0x00000000c4300000, 0x00000000eab00000)
  object space 68608K, 44% used [0x00000000c0000000,0x00000000c1dfe388,0x00000000c4300000)
 Metaspace       used 48379K, committed 49344K, reserved 1114112K
  class space    used 4813K, committed 5248K, reserved 1048576K
}

