# JRE version: OpenJDK Runtime Environment Temurin-17.0.13+11 (17.0.13+11) (build 17.0.13+11)
# Java VM: OpenJDK 64-Bit Server VM Temurin-17.0.13+11 (17.0.13+11, mixed mode, tiered, compressed oops, compressed class ptrs, parallel gc, windows-amd64)
GC Precious Log:
 CPUs: 4 total, 4 available
 Memory: 3737M
 Large Page Support: Disabled
 NUMA Support: Disabled
 Compressed Oops: Enabled (32-bit)
 Alignments: Space 512K, Generation 512K, Heap 2M
 Heap Min Capacity: 100M
 Heap Initial Capacity: 100M
 Heap Max Capacity: 1G
 Pre-touch: Disabled
 Parallel Workers: 4
Heap:
 PSYoungGen      total 19456K, used 17612K [0x00000000eab00000, 0x00000000ec280000, 0x0000000100000000)
  eden space 14848K, 87% used [0x00000000eab00000,0x00000000eb7baf30,0x00000000eb980000)
  from space 4608K, 99% used [0x00000000eb980000,0x00000000ebdf81e0,0x00000000ebe00000)
  to   space 4608K, 0% used [0x00000000ebe00000,0x00000000ebe00000,0x00000000ec280000)
 ParOldGen       total 194560K, used 172529K [0x00000000c0000000, 0x00000000cbe00000, 0x00000000eab00000)
  object space 194560K, 88% used [0x00000000c0000000,0x00000000ca87c6b0,0x00000000cbe00000)
 Metaspace       used 62584K, committed 63616K, reserved 1114112K
  class space    used 7015K, committed 7488K, reserved 1048576K
GC Heap History (20 events):
Event: 120.984 GC heap before
{Heap before GC invocations=74 (full 9):
 PSYoungGen      total 16384K, used 16360K [0x00000000eab00000, 0x00000000ebf80000, 0x0000000100000000)
  eden space 12288K, 100% used [0x00000000eab00000,0x00000000eb700000,0x00000000eb700000)
  from space 4096K, 99% used [0x00000000eb780000,0x00000000ebb7a390,0x00000000ebb80000)
  to   space 3072K, 0% used [0x00000000ebc80000,0x00000000ebc80000,0x00000000ebf80000)
 ParOldGen       total 194560K, used 144283K [0x00000000c0000000, 0x00000000cbe00000, 0x00000000eab00000)
  object space 194560K, 74% used [0x00000000c0000000,0x00000000c8ce6fd0,0x00000000cbe00000)
 Metaspace       used 61480K, committed 62528K, reserved 1114112K
  class space    used 6802K, committed 7232K, reserved 1048576K
}
Event: 121.021 GC heap after
{Heap after GC invocations=74 (full 9):
 PSYoungGen      total 15872K, used 2758K [0x00000000eab00000, 0x00000000ebf80000, 0x0000000100000000)
  eden space 12800K, 0% used [0x00000000eab00000,0x00000000eab00000,0x00000000eb780000)
  from space 3072K, 89% used [0x00000000ebc80000,0x00000000ebf31b60,0x00000000ebf80000)
  to   space 4096K, 0% used [0x00000000eb780000,0x00000000eb780000,0x00000000ebb80000)
 ParOldGen       total 194560K, used 148244K [0x00000000c0000000, 0x00000000cbe00000, 0x00000000eab00000)
  object space 194560K, 76% used [0x00000000c0000000,0x00000000c90c5180,0x00000000cbe00000)
 Metaspace       used 61480K, committed 62528K, reserved 1114112K
  class space    used 6802K, committed 7232K, reserved 1048576K
}
Event: 122.686 GC heap before
{Heap before GC invocations=75 (full 9):
 PSYoungGen      total 15872K, used 15558K [0x00000000eab00000, 0x00000000ebf80000, 0x0000000100000000)
  eden space 12800K, 100% used [0x00000000eab00000,0x00000000eb780000,0x00000000eb780000)
  from space 3072K, 89% used [0x00000000ebc80000,0x00000000ebf31b60,0x00000000ebf80000)
  to   space 4096K, 0% used [0x00000000eb780000,0x00000000eb780000,0x00000000ebb80000)
 ParOldGen       total 194560K, used 148244K [0x00000000c0000000, 0x00000000cbe00000, 0x00000000eab00000)
  object space 194560K, 76% used [0x00000000c0000000,0x00000000c90c5180,0x00000000cbe00000)
 Metaspace       used 61481K, committed 62528K, reserved 1114112K
  class space    used 6802K, committed 7232K, reserved 1048576K
}
Event: 122.695 GC heap after
{Heap after GC invocations=75 (full 9):
 PSYoungGen      total 16896K, used 4087K [0x00000000eab00000, 0x00000000ebf80000, 0x0000000100000000)
  eden space 12800K, 0% used [0x00000000eab00000,0x00000000eab00000,0x00000000eb780000)
  from space 4096K, 99% used [0x00000000eb780000,0x00000000ebb7df58,0x00000000ebb80000)
  to   space 3072K, 0% used [0x00000000ebc80000,0x00000000ebc80000,0x00000000ebf80000)
 ParOldGen       total 194560K, used 149099K [0x00000000c0000000, 0x00000000cbe00000, 0x00000000eab00000)
  object space 194560K, 76% used [0x00000000c0000000,0x00000000c919af88,0x00000000cbe00000)
 Metaspace       used 61481K, committed 62528K, reserved 1114112K
  class space    used 6802K, committed 7232K, reserved 1048576K
}
Event: 123.955 GC heap before
{Heap before GC invocations=76 (full 9):
 PSYoungGen      total 16896K, used 16886K [0x00000000eab00000, 0x00000000ebf80000, 0x0000000100000000)
  eden space 12800K, 99% used [0x00000000eab00000,0x00000000eb77fb68,0x00000000eb780000)
  from space 4096K, 99% used [0x00000000eb780000,0x00000000ebb7df58,0x00000000ebb80000)
  to   space 3072K, 0% used [0x00000000ebc80000,0x00000000ebc80000,0x00000000ebf80000)
 ParOldGen       total 194560K, used 149099K [0x00000000c0000000, 0x00000000cbe00000, 0x00000000eab00000)
  object space 194560K, 76% used [0x00000000c0000000,0x00000000c919af88,0x00000000cbe00000)
 Metaspace       used 61484K, committed 62528K, reserved 1114112K
  class space    used 6802K, committed 7232K, reserved 1048576K
}
Event: 123.969 GC heap after
{Heap after GC invocations=76 (full 9):
 PSYoungGen      total 16384K, used 2665K [0x00000000eab00000, 0x00000000ebf80000, 0x0000000100000000)
  eden space 13312K, 0% used [0x00000000eab00000,0x00000000eab00000,0x00000000eb800000)
  from space 3072K, 86% used [0x00000000ebc80000,0x00000000ebf1a540,0x00000000ebf80000)
  to   space 3584K, 0% used [0x00000000eb880000,0x00000000eb880000,0x00000000ebc00000)
 ParOldGen       total 194560K, used 153023K [0x00000000c0000000, 0x00000000cbe00000, 0x00000000eab00000)
  object space 194560K, 78% used [0x00000000c0000000,0x00000000c956fdd8,0x00000000cbe00000)
 Metaspace       used 61484K, committed 62528K, reserved 1114112K
  class space    used 6802K, committed 7232K, reserved 1048576K
}
Event: 125.916 GC heap before
{Heap before GC invocations=77 (full 9):
 PSYoungGen      total 16384K, used 15957K [0x00000000eab00000, 0x00000000ebf80000, 0x0000000100000000)
  eden space 13312K, 99% used [0x00000000eab00000,0x00000000eb7faf88,0x00000000eb800000)
  from space 3072K, 86% used [0x00000000ebc80000,0x00000000ebf1a540,0x00000000ebf80000)
  to   space 3584K, 0% used [0x00000000eb880000,0x00000000eb880000,0x00000000ebc00000)
 ParOldGen       total 194560K, used 153023K [0x00000000c0000000, 0x00000000cbe00000, 0x00000000eab00000)
  object space 194560K, 78% used [0x00000000c0000000,0x00000000c956fdd8,0x00000000cbe00000)
 Metaspace       used 61493K, committed 62528K, reserved 1114112K
  class space    used 6802K, committed 7232K, reserved 1048576K
}
Event: 125.922 GC heap after
{Heap after GC invocations=77 (full 9):
 PSYoungGen      total 17408K, used 3568K [0x00000000eab00000, 0x00000000ec380000, 0x0000000100000000)
  eden space 13824K, 0% used [0x00000000eab00000,0x00000000eab00000,0x00000000eb880000)
  from space 3584K, 99% used [0x00000000eb880000,0x00000000ebbfc298,0x00000000ebc00000)
  to   space 5632K, 0% used [0x00000000ebe00000,0x00000000ebe00000,0x00000000ec380000)
 ParOldGen       total 194560K, used 154429K [0x00000000c0000000, 0x00000000cbe00000, 0x00000000eab00000)
  object space 194560K, 79% used [0x00000000c0000000,0x00000000c96cf410,0x00000000cbe00000)
 Metaspace       used 61493K, committed 62528K, reserved 1114112K
  class space    used 6802K, committed 7232K, reserved 1048576K
}
Event: 129.746 GC heap before
{Heap before GC invocations=78 (full 9):
 PSYoungGen      total 17408K, used 17392K [0x00000000eab00000, 0x00000000ec380000, 0x0000000100000000)
  eden space 13824K, 100% used [0x00000000eab00000,0x00000000eb880000,0x00000000eb880000)
  from space 3584K, 99% used [0x00000000eb880000,0x00000000ebbfc298,0x00000000ebc00000)
  to   space 5632K, 0% used [0x00000000ebe00000,0x00000000ebe00000,0x00000000ec380000)
 ParOldGen       total 194560K, used 154429K [0x00000000c0000000, 0x00000000cbe00000, 0x00000000eab00000)
  object space 194560K, 79% used [0x00000000c0000000,0x00000000c96cf410,0x00000000cbe00000)
 Metaspace       used 61514K, committed 62528K, reserved 1114112K
  class space    used 6803K, committed 7232K, reserved 1048576K
}
Event: 129.759 GC heap after
{Heap after GC invocations=78 (full 9):
 PSYoungGen      total 18944K, used 4394K [0x00000000eab00000, 0x00000000ec280000, 0x0000000100000000)
  eden space 14336K, 0% used [0x00000000eab00000,0x00000000eab00000,0x00000000eb900000)
  from space 4608K, 95% used [0x00000000ebe00000,0x00000000ec24a9e0,0x00000000ec280000)
  to   space 4608K, 0% used [0x00000000eb980000,0x00000000eb980000,0x00000000ebe00000)
 ParOldGen       total 194560K, used 157914K [0x00000000c0000000, 0x00000000cbe00000, 0x00000000eab00000)
  object space 194560K, 81% used [0x00000000c0000000,0x00000000c9a368d8,0x00000000cbe00000)
 Metaspace       used 61514K, committed 62528K, reserved 1114112K
  class space    used 6803K, committed 7232K, reserved 1048576K
}
Event: 130.827 GC heap before
{Heap before GC invocations=79 (full 9):
 PSYoungGen      total 18944K, used 18730K [0x00000000eab00000, 0x00000000ec280000, 0x0000000100000000)
  eden space 14336K, 100% used [0x00000000eab00000,0x00000000eb900000,0x00000000eb900000)
  from space 4608K, 95% used [0x00000000ebe00000,0x00000000ec24a9e0,0x00000000ec280000)
  to   space 4608K, 0% used [0x00000000eb980000,0x00000000eb980000,0x00000000ebe00000)
 ParOldGen       total 194560K, used 157914K [0x00000000c0000000, 0x00000000cbe00000, 0x00000000eab00000)
  object space 194560K, 81% used [0x00000000c0000000,0x00000000c9a368d8,0x00000000cbe00000)
 Metaspace       used 61668K, committed 62720K, reserved 1114112K
  class space    used 6839K, committed 7296K, reserved 1048576K
}
Event: 130.837 GC heap after
{Heap after GC invocations=79 (full 9):
 PSYoungGen      total 18944K, used 4599K [0x00000000eab00000, 0x00000000ec280000, 0x0000000100000000)
  eden space 14336K, 0% used [0x00000000eab00000,0x00000000eab00000,0x00000000eb900000)
  from space 4608K, 99% used [0x00000000eb980000,0x00000000ebdfdfb8,0x00000000ebe00000)
  to   space 4608K, 0% used [0x00000000ebe00000,0x00000000ebe00000,0x00000000ec280000)
 ParOldGen       total 194560K, used 160172K [0x00000000c0000000, 0x00000000cbe00000, 0x00000000eab00000)
  object space 194560K, 82% used [0x00000000c0000000,0x00000000c9c6b098,0x00000000cbe00000)
 Metaspace       used 61668K, committed 62720K, reserved 1114112K
  class space    used 6839K, committed 7296K, reserved 1048576K
}
Event: 131.337 GC heap before
{Heap before GC invocations=80 (full 9):
 PSYoungGen      total 18944K, used 18935K [0x00000000eab00000, 0x00000000ec280000, 0x0000000100000000)
  eden space 14336K, 100% used [0x00000000eab00000,0x00000000eb900000,0x00000000eb900000)
  from space 4608K, 99% used [0x00000000eb980000,0x00000000ebdfdfb8,0x00000000ebe00000)
  to   space 4608K, 0% used [0x00000000ebe00000,0x00000000ebe00000,0x00000000ec280000)
 ParOldGen       total 194560K, used 160172K [0x00000000c0000000, 0x00000000cbe00000, 0x00000000eab00000)
  object space 194560K, 82% used [0x00000000c0000000,0x00000000c9c6b098,0x00000000cbe00000)
 Metaspace       used 61757K, committed 62784K, reserved 1114112K
  class space    used 6859K, committed 7296K, reserved 1048576K
}
Event: 131.349 GC heap after
{Heap after GC invocations=80 (full 9):
 PSYoungGen      total 19456K, used 3144K [0x00000000eab00000, 0x00000000ec280000, 0x0000000100000000)
  eden space 14848K, 0% used [0x00000000eab00000,0x00000000eab00000,0x00000000eb980000)
  from space 4608K, 68% used [0x00000000ebe00000,0x00000000ec1123f8,0x00000000ec280000)
  to   space 4608K, 0% used [0x00000000eb980000,0x00000000eb980000,0x00000000ebe00000)
 ParOldGen       total 194560K, used 164604K [0x00000000c0000000, 0x00000000cbe00000, 0x00000000eab00000)
  object space 194560K, 84% used [0x00000000c0000000,0x00000000ca0bf3d8,0x00000000cbe00000)
 Metaspace       used 61757K, committed 62784K, reserved 1114112K
  class space    used 6859K, committed 7296K, reserved 1048576K
}
Event: 131.685 GC heap before
{Heap before GC invocations=81 (full 9):
 PSYoungGen      total 19456K, used 17992K [0x00000000eab00000, 0x00000000ec280000, 0x0000000100000000)
  eden space 14848K, 100% used [0x00000000eab00000,0x00000000eb980000,0x00000000eb980000)
  from space 4608K, 68% used [0x00000000ebe00000,0x00000000ec1123f8,0x00000000ec280000)
  to   space 4608K, 0% used [0x00000000eb980000,0x00000000eb980000,0x00000000ebe00000)
 ParOldGen       total 194560K, used 164604K [0x00000000c0000000, 0x00000000cbe00000, 0x00000000eab00000)
  object space 194560K, 84% used [0x00000000c0000000,0x00000000ca0bf3d8,0x00000000cbe00000)
 Metaspace       used 61797K, committed 62848K, reserved 1114112K
  class space    used 6876K, committed 7360K, reserved 1048576K
}
Event: 131.695 GC heap after
{Heap after GC invocations=81 (full 9):
 PSYoungGen      total 19456K, used 4593K [0x00000000eab00000, 0x00000000ec280000, 0x0000000100000000)
  eden space 14848K, 0% used [0x00000000eab00000,0x00000000eab00000,0x00000000eb980000)
  from space 4608K, 99% used [0x00000000eb980000,0x00000000ebdfc7a0,0x00000000ebe00000)
  to   space 4608K, 0% used [0x00000000ebe00000,0x00000000ebe00000,0x00000000ec280000)
 ParOldGen       total 194560K, used 166435K [0x00000000c0000000, 0x00000000cbe00000, 0x00000000eab00000)
  object space 194560K, 85% used [0x00000000c0000000,0x00000000ca288d90,0x00000000cbe00000)
 Metaspace       used 61797K, committed 62848K, reserved 1114112K
  class space    used 6876K, committed 7360K, reserved 1048576K
}
Event: 131.951 GC heap before
{Heap before GC invocations=82 (full 9):
 PSYoungGen      total 19456K, used 19441K [0x00000000eab00000, 0x00000000ec280000, 0x0000000100000000)
  eden space 14848K, 100% used [0x00000000eab00000,0x00000000eb980000,0x00000000eb980000)
  from space 4608K, 99% used [0x00000000eb980000,0x00000000ebdfc7a0,0x00000000ebe00000)
  to   space 4608K, 0% used [0x00000000ebe00000,0x00000000ebe00000,0x00000000ec280000)
 ParOldGen       total 194560K, used 166435K [0x00000000c0000000, 0x00000000cbe00000, 0x00000000eab00000)
  object space 194560K, 85% used [0x00000000c0000000,0x00000000ca288d90,0x00000000cbe00000)
 Metaspace       used 61820K, committed 62912K, reserved 1114112K
  class space    used 6881K, committed 7360K, reserved 1048576K
}
Event: 131.963 GC heap after
{Heap after GC invocations=82 (full 9):
 PSYoungGen      total 19456K, used 3736K [0x00000000eab00000, 0x00000000ec280000, 0x0000000100000000)
  eden space 14848K, 0% used [0x00000000eab00000,0x00000000eab00000,0x00000000eb980000)
  from space 4608K, 81% used [0x00000000ebe00000,0x00000000ec1a61a8,0x00000000ec280000)
  to   space 4608K, 0% used [0x00000000eb980000,0x00000000eb980000,0x00000000ebe00000)
 ParOldGen       total 194560K, used 170846K [0x00000000c0000000, 0x00000000cbe00000, 0x00000000eab00000)
  object space 194560K, 87% used [0x00000000c0000000,0x00000000ca6d7b68,0x00000000cbe00000)
 Metaspace       used 61820K, committed 62912K, reserved 1114112K
  class space    used 6881K, committed 7360K, reserved 1048576K
}
Event: 132.704 GC heap before
{Heap before GC invocations=83 (full 9):
 PSYoungGen      total 19456K, used 18584K [0x00000000eab00000, 0x00000000ec280000, 0x0000000100000000)
  eden space 14848K, 100% used [0x00000000eab00000,0x00000000eb980000,0x00000000eb980000)
  from space 4608K, 81% used [0x00000000ebe00000,0x00000000ec1a61a8,0x00000000ec280000)
  to   space 4608K, 0% used [0x00000000eb980000,0x00000000eb980000,0x00000000ebe00000)
 ParOldGen       total 194560K, used 170846K [0x00000000c0000000, 0x00000000cbe00000, 0x00000000eab00000)
  object space 194560K, 87% used [0x00000000c0000000,0x00000000ca6d7b68,0x00000000cbe00000)
 Metaspace       used 62173K, committed 63232K, reserved 1114112K
  class space    used 6948K, committed 7424K, reserved 1048576K
}
Event: 132.715 GC heap after
{Heap after GC invocations=83 (full 9):
 PSYoungGen      total 19456K, used 4576K [0x00000000eab00000, 0x00000000ec280000, 0x0000000100000000)
  eden space 14848K, 0% used [0x00000000eab00000,0x00000000eab00000,0x00000000eb980000)
  from space 4608K, 99% used [0x00000000eb980000,0x00000000ebdf81e0,0x00000000ebe00000)
  to   space 4608K, 0% used [0x00000000ebe00000,0x00000000ebe00000,0x00000000ec280000)
 ParOldGen       total 194560K, used 172529K [0x00000000c0000000, 0x00000000cbe00000, 0x00000000eab00000)
  object space 194560K, 88% used [0x00000000c0000000,0x00000000ca87c6b0,0x00000000cbe00000)
 Metaspace       used 62173K, committed 63232K, reserved 1114112K
  class space    used 6948K, committed 7424K, reserved 1048576K
}

