# JRE version: OpenJDK Runtime Environment Temurin-17.0.13+11 (17.0.13+11) (build 17.0.13+11)
# Java VM: OpenJDK 64-Bit Server VM Temurin-17.0.13+11 (17.0.13+11, mixed mode, tiered, compressed oops, compressed class ptrs, parallel gc, windows-amd64)
GC Precious Log:
 CPUs: 4 total, 4 available
 Memory: 3737M
 Large Page Support: Disabled
 NUMA Support: Disabled
 Compressed Oops: Enabled (32-bit)
 Alignments: Space 512K, Generation 512K, Heap 2M
 Heap Min Capacity: 100M
 Heap Initial Capacity: 100M
 Heap Max Capacity: 1G
 Pre-touch: Disabled
 Parallel Workers: 4
Heap:
 PSYoungGen      total 3584K, used 1010K [0x00000000eab00000, 0x00000000eaf80000, 0x0000000100000000)
  eden space 2560K, 39% used [0x00000000eab00000,0x00000000eabfc820,0x00000000ead80000)
  from space 1024K, 0% used [0x00000000ead80000,0x00000000ead80000,0x00000000eae80000)
  to   space 1024K, 0% used [0x00000000eae80000,0x00000000eae80000,0x00000000eaf80000)
 ParOldGen       total 251392K, used 229171K [0x00000000c0000000, 0x00000000cf580000, 0x00000000eab00000)
  object space 251392K, 91% used [0x00000000c0000000,0x00000000cdfccf48,0x00000000cf580000)
 Metaspace       used 73199K, committed 74304K, reserved 1114112K
  class space    used 8813K, committed 9280K, reserved 1048576K
GC Heap History (20 events):
Event: 162.992 GC heap before
{Heap before GC invocations=259 (full 10):
 PSYoungGen      total 3584K, used 3581K [0x00000000eab00000, 0x00000000eb080000, 0x0000000100000000)
  eden space 2560K, 100% used [0x00000000eab00000,0x00000000ead80000,0x00000000ead80000)
  from space 1024K, 99% used [0x00000000ead80000,0x00000000eae7f568,0x00000000eae80000)
  to   space 1536K, 0% used [0x00000000eaf00000,0x00000000eaf00000,0x00000000eb080000)
 ParOldGen       total 232448K, used 225545K [0x00000000c0000000, 0x00000000ce300000, 0x00000000eab00000)
  object space 232448K, 97% used [0x00000000c0000000,0x00000000cdc42778,0x00000000ce300000)
 Metaspace       used 73198K, committed 74304K, reserved 1114112K
  class space    used 8813K, committed 9280K, reserved 1048576K
}
Event: 163.000 GC heap after
{Heap after GC invocations=259 (full 10):
 PSYoungGen      total 3584K, used 608K [0x00000000eab00000, 0x00000000eb000000, 0x0000000100000000)
  eden space 2560K, 0% used [0x00000000eab00000,0x00000000eab00000,0x00000000ead80000)
  from space 1024K, 59% used [0x00000000eaf00000,0x00000000eaf98000,0x00000000eb000000)
  to   space 1024K, 0% used [0x00000000ead80000,0x00000000ead80000,0x00000000eae80000)
 ParOldGen       total 232448K, used 226606K [0x00000000c0000000, 0x00000000ce300000, 0x00000000eab00000)
  object space 232448K, 97% used [0x00000000c0000000,0x00000000cdd4ba28,0x00000000ce300000)
 Metaspace       used 73198K, committed 74304K, reserved 1114112K
  class space    used 8813K, committed 9280K, reserved 1048576K
}
Event: 164.708 GC heap before
{Heap before GC invocations=260 (full 10):
 PSYoungGen      total 3584K, used 3167K [0x00000000eab00000, 0x00000000eb000000, 0x0000000100000000)
  eden space 2560K, 99% used [0x00000000eab00000,0x00000000ead7ff90,0x00000000ead80000)
  from space 1024K, 59% used [0x00000000eaf00000,0x00000000eaf98000,0x00000000eb000000)
  to   space 1024K, 0% used [0x00000000ead80000,0x00000000ead80000,0x00000000eae80000)
 ParOldGen       total 232448K, used 226606K [0x00000000c0000000, 0x00000000ce300000, 0x00000000eab00000)
  object space 232448K, 97% used [0x00000000c0000000,0x00000000cdd4ba28,0x00000000ce300000)
 Metaspace       used 73198K, committed 74304K, reserved 1114112K
  class space    used 8813K, committed 9280K, reserved 1048576K
}
Event: 164.713 GC heap after
{Heap after GC invocations=260 (full 10):
 PSYoungGen      total 3584K, used 1024K [0x00000000eab00000, 0x00000000eb080000, 0x0000000100000000)
  eden space 2560K, 0% used [0x00000000eab00000,0x00000000eab00000,0x00000000ead80000)
  from space 1024K, 100% used [0x00000000ead80000,0x00000000eae80000,0x00000000eae80000)
  to   space 1536K, 0% used [0x00000000eaf00000,0x00000000eaf00000,0x00000000eb080000)
 ParOldGen       total 232448K, used 226694K [0x00000000c0000000, 0x00000000ce300000, 0x00000000eab00000)
  object space 232448K, 97% used [0x00000000c0000000,0x00000000cdd61bb0,0x00000000ce300000)
 Metaspace       used 73198K, committed 74304K, reserved 1114112K
  class space    used 8813K, committed 9280K, reserved 1048576K
}
Event: 164.951 GC heap before
{Heap before GC invocations=261 (full 10):
 PSYoungGen      total 3584K, used 3584K [0x00000000eab00000, 0x00000000eb080000, 0x0000000100000000)
  eden space 2560K, 100% used [0x00000000eab00000,0x00000000ead80000,0x00000000ead80000)
  from space 1024K, 100% used [0x00000000ead80000,0x00000000eae80000,0x00000000eae80000)
  to   space 1536K, 0% used [0x00000000eaf00000,0x00000000eaf00000,0x00000000eb080000)
 ParOldGen       total 232448K, used 226694K [0x00000000c0000000, 0x00000000ce300000, 0x00000000eab00000)
  object space 232448K, 97% used [0x00000000c0000000,0x00000000cdd61bb0,0x00000000ce300000)
 Metaspace       used 73198K, committed 74304K, reserved 1114112K
  class space    used 8813K, committed 9280K, reserved 1048576K
}
Event: 164.958 GC heap after
{Heap after GC invocations=261 (full 10):
 PSYoungGen      total 3584K, used 616K [0x00000000eab00000, 0x00000000eb000000, 0x0000000100000000)
  eden space 2560K, 0% used [0x00000000eab00000,0x00000000eab00000,0x00000000ead80000)
  from space 1024K, 60% used [0x00000000eaf00000,0x00000000eaf9a018,0x00000000eb000000)
  to   space 1024K, 0% used [0x00000000ead80000,0x00000000ead80000,0x00000000eae80000)
 ParOldGen       total 232448K, used 227756K [0x00000000c0000000, 0x00000000ce300000, 0x00000000eab00000)
  object space 232448K, 97% used [0x00000000c0000000,0x00000000cde6b320,0x00000000ce300000)
 Metaspace       used 73198K, committed 74304K, reserved 1114112K
  class space    used 8813K, committed 9280K, reserved 1048576K
}
Event: 165.172 GC heap before
{Heap before GC invocations=262 (full 10):
 PSYoungGen      total 3584K, used 3176K [0x00000000eab00000, 0x00000000eb000000, 0x0000000100000000)
  eden space 2560K, 100% used [0x00000000eab00000,0x00000000ead80000,0x00000000ead80000)
  from space 1024K, 60% used [0x00000000eaf00000,0x00000000eaf9a018,0x00000000eb000000)
  to   space 1024K, 0% used [0x00000000ead80000,0x00000000ead80000,0x00000000eae80000)
 ParOldGen       total 232448K, used 227756K [0x00000000c0000000, 0x00000000ce300000, 0x00000000eab00000)
  object space 232448K, 97% used [0x00000000c0000000,0x00000000cde6b320,0x00000000ce300000)
 Metaspace       used 73198K, committed 74304K, reserved 1114112K
  class space    used 8813K, committed 9280K, reserved 1048576K
}
Event: 165.177 GC heap after
{Heap after GC invocations=262 (full 10):
 PSYoungGen      total 3584K, used 1000K [0x00000000eab00000, 0x00000000eb080000, 0x0000000100000000)
  eden space 2560K, 0% used [0x00000000eab00000,0x00000000eab00000,0x00000000ead80000)
  from space 1024K, 97% used [0x00000000ead80000,0x00000000eae7a358,0x00000000eae80000)
  to   space 1536K, 0% used [0x00000000eaf00000,0x00000000eaf00000,0x00000000eb080000)
 ParOldGen       total 232448K, used 227953K [0x00000000c0000000, 0x00000000ce300000, 0x00000000eab00000)
  object space 232448K, 98% used [0x00000000c0000000,0x00000000cde9c670,0x00000000ce300000)
 Metaspace       used 73198K, committed 74304K, reserved 1114112K
  class space    used 8813K, committed 9280K, reserved 1048576K
}
Event: 165.364 GC heap before
{Heap before GC invocations=263 (full 10):
 PSYoungGen      total 3584K, used 3560K [0x00000000eab00000, 0x00000000eb080000, 0x0000000100000000)
  eden space 2560K, 100% used [0x00000000eab00000,0x00000000ead80000,0x00000000ead80000)
  from space 1024K, 97% used [0x00000000ead80000,0x00000000eae7a358,0x00000000eae80000)
  to   space 1536K, 0% used [0x00000000eaf00000,0x00000000eaf00000,0x00000000eb080000)
 ParOldGen       total 232448K, used 227953K [0x00000000c0000000, 0x00000000ce300000, 0x00000000eab00000)
  object space 232448K, 98% used [0x00000000c0000000,0x00000000cde9c670,0x00000000ce300000)
 Metaspace       used 73198K, committed 74304K, reserved 1114112K
  class space    used 8813K, committed 9280K, reserved 1048576K
}
Event: 165.375 GC heap after
{Heap after GC invocations=263 (full 10):
 PSYoungGen      total 3584K, used 672K [0x00000000eab00000, 0x00000000eb000000, 0x0000000100000000)
  eden space 2560K, 0% used [0x00000000eab00000,0x00000000eab00000,0x00000000ead80000)
  from space 1024K, 65% used [0x00000000eaf00000,0x00000000eafa8000,0x00000000eb000000)
  to   space 1024K, 0% used [0x00000000ead80000,0x00000000ead80000,0x00000000eae80000)
 ParOldGen       total 232448K, used 228953K [0x00000000c0000000, 0x00000000ce300000, 0x00000000eab00000)
  object space 232448K, 98% used [0x00000000c0000000,0x00000000cdf96470,0x00000000ce300000)
 Metaspace       used 73198K, committed 74304K, reserved 1114112K
  class space    used 8813K, committed 9280K, reserved 1048576K
}
Event: 165.604 GC heap before
{Heap before GC invocations=264 (full 10):
 PSYoungGen      total 3584K, used 3232K [0x00000000eab00000, 0x00000000eb000000, 0x0000000100000000)
  eden space 2560K, 100% used [0x00000000eab00000,0x00000000ead80000,0x00000000ead80000)
  from space 1024K, 65% used [0x00000000eaf00000,0x00000000eafa8000,0x00000000eb000000)
  to   space 1024K, 0% used [0x00000000ead80000,0x00000000ead80000,0x00000000eae80000)
 ParOldGen       total 232448K, used 228953K [0x00000000c0000000, 0x00000000ce300000, 0x00000000eab00000)
  object space 232448K, 98% used [0x00000000c0000000,0x00000000cdf96470,0x00000000ce300000)
 Metaspace       used 73199K, committed 74304K, reserved 1114112K
  class space    used 8813K, committed 9280K, reserved 1048576K
}
Event: 165.610 GC heap after
{Heap after GC invocations=264 (full 10):
 PSYoungGen      total 3584K, used 1010K [0x00000000eab00000, 0x00000000eb080000, 0x0000000100000000)
  eden space 2560K, 0% used [0x00000000eab00000,0x00000000eab00000,0x00000000ead80000)
  from space 1024K, 98% used [0x00000000ead80000,0x00000000eae7ca88,0x00000000eae80000)
  to   space 1536K, 0% used [0x00000000eaf00000,0x00000000eaf00000,0x00000000eb080000)
 ParOldGen       total 232448K, used 229137K [0x00000000c0000000, 0x00000000ce300000, 0x00000000eab00000)
  object space 232448K, 98% used [0x00000000c0000000,0x00000000cdfc4440,0x00000000ce300000)
 Metaspace       used 73199K, committed 74304K, reserved 1114112K
  class space    used 8813K, committed 9280K, reserved 1048576K
}
Event: 165.829 GC heap before
{Heap before GC invocations=265 (full 10):
 PSYoungGen      total 3584K, used 3570K [0x00000000eab00000, 0x00000000eb080000, 0x0000000100000000)
  eden space 2560K, 100% used [0x00000000eab00000,0x00000000ead80000,0x00000000ead80000)
  from space 1024K, 98% used [0x00000000ead80000,0x00000000eae7ca88,0x00000000eae80000)
  to   space 1536K, 0% used [0x00000000eaf00000,0x00000000eaf00000,0x00000000eb080000)
 ParOldGen       total 232448K, used 229137K [0x00000000c0000000, 0x00000000ce300000, 0x00000000eab00000)
  object space 232448K, 98% used [0x00000000c0000000,0x00000000cdfc4440,0x00000000ce300000)
 Metaspace       used 73199K, committed 74304K, reserved 1114112K
  class space    used 8813K, committed 9280K, reserved 1048576K
}
Event: 165.835 GC heap after
{Heap after GC invocations=265 (full 10):
 PSYoungGen      total 3584K, used 657K [0x00000000eab00000, 0x00000000eb000000, 0x0000000100000000)
  eden space 2560K, 0% used [0x00000000eab00000,0x00000000eab00000,0x00000000ead80000)
  from space 1024K, 64% used [0x00000000eaf00000,0x00000000eafa44d8,0x00000000eb000000)
  to   space 1024K, 0% used [0x00000000ead80000,0x00000000ead80000,0x00000000eae80000)
 ParOldGen       total 232448K, used 230116K [0x00000000c0000000, 0x00000000ce300000, 0x00000000eab00000)
  object space 232448K, 98% used [0x00000000c0000000,0x00000000ce0b9360,0x00000000ce300000)
 Metaspace       used 73199K, committed 74304K, reserved 1114112K
  class space    used 8813K, committed 9280K, reserved 1048576K
}
Event: 166.007 GC heap before
{Heap before GC invocations=266 (full 10):
 PSYoungGen      total 3584K, used 3217K [0x00000000eab00000, 0x00000000eb000000, 0x0000000100000000)
  eden space 2560K, 100% used [0x00000000eab00000,0x00000000ead80000,0x00000000ead80000)
  from space 1024K, 64% used [0x00000000eaf00000,0x00000000eafa44d8,0x00000000eb000000)
  to   space 1024K, 0% used [0x00000000ead80000,0x00000000ead80000,0x00000000eae80000)
 ParOldGen       total 232448K, used 230116K [0x00000000c0000000, 0x00000000ce300000, 0x00000000eab00000)
  object space 232448K, 98% used [0x00000000c0000000,0x00000000ce0b9360,0x00000000ce300000)
 Metaspace       used 73199K, committed 74304K, reserved 1114112K
  class space    used 8813K, committed 9280K, reserved 1048576K
}
Event: 166.010 GC heap after
{Heap after GC invocations=266 (full 10):
 PSYoungGen      total 3584K, used 995K [0x00000000eab00000, 0x00000000eb080000, 0x0000000100000000)
  eden space 2560K, 0% used [0x00000000eab00000,0x00000000eab00000,0x00000000ead80000)
  from space 1024K, 97% used [0x00000000ead80000,0x00000000eae78d20,0x00000000eae80000)
  to   space 1536K, 0% used [0x00000000eaf00000,0x00000000eaf00000,0x00000000eb080000)
 ParOldGen       total 232448K, used 230389K [0x00000000c0000000, 0x00000000ce300000, 0x00000000eab00000)
  object space 232448K, 99% used [0x00000000c0000000,0x00000000ce0fd538,0x00000000ce300000)
 Metaspace       used 73199K, committed 74304K, reserved 1114112K
  class space    used 8813K, committed 9280K, reserved 1048576K
}
Event: 166.152 GC heap before
{Heap before GC invocations=267 (full 10):
 PSYoungGen      total 3584K, used 3555K [0x00000000eab00000, 0x00000000eb080000, 0x0000000100000000)
  eden space 2560K, 100% used [0x00000000eab00000,0x00000000ead80000,0x00000000ead80000)
  from space 1024K, 97% used [0x00000000ead80000,0x00000000eae78d20,0x00000000eae80000)
  to   space 1536K, 0% used [0x00000000eaf00000,0x00000000eaf00000,0x00000000eb080000)
 ParOldGen       total 232448K, used 230389K [0x00000000c0000000, 0x00000000ce300000, 0x00000000eab00000)
  object space 232448K, 99% used [0x00000000c0000000,0x00000000ce0fd538,0x00000000ce300000)
 Metaspace       used 73199K, committed 74304K, reserved 1114112K
  class space    used 8813K, committed 9280K, reserved 1048576K
}
Event: 166.156 GC heap after
{Heap after GC invocations=267 (full 10):
 PSYoungGen      total 3584K, used 711K [0x00000000eab00000, 0x00000000eb000000, 0x0000000100000000)
  eden space 2560K, 0% used [0x00000000eab00000,0x00000000eab00000,0x00000000ead80000)
  from space 1024K, 69% used [0x00000000eaf00000,0x00000000eafb1c30,0x00000000eb000000)
  to   space 1024K, 0% used [0x00000000ead80000,0x00000000ead80000,0x00000000eae80000)
 ParOldGen       total 232448K, used 231369K [0x00000000c0000000, 0x00000000ce300000, 0x00000000eab00000)
  object space 232448K, 99% used [0x00000000c0000000,0x00000000ce1f2708,0x00000000ce300000)
 Metaspace       used 73199K, committed 74304K, reserved 1114112K
  class space    used 8813K, committed 9280K, reserved 1048576K
}
Event: 166.384 GC heap before
{Heap before GC invocations=268 (full 11):
 PSYoungGen      total 3584K, used 3271K [0x00000000eab00000, 0x00000000eb000000, 0x0000000100000000)
  eden space 2560K, 100% used [0x00000000eab00000,0x00000000ead80000,0x00000000ead80000)
  from space 1024K, 69% used [0x00000000eaf00000,0x00000000eafb1c30,0x00000000eb000000)
  to   space 1024K, 0% used [0x00000000ead80000,0x00000000ead80000,0x00000000eae80000)
 ParOldGen       total 232448K, used 231369K [0x00000000c0000000, 0x00000000ce300000, 0x00000000eab00000)
  object space 232448K, 99% used [0x00000000c0000000,0x00000000ce1f2708,0x00000000ce300000)
 Metaspace       used 73199K, committed 74304K, reserved 1114112K
  class space    used 8813K, committed 9280K, reserved 1048576K
}
Event: 166.701 GC heap after
{Heap after GC invocations=268 (full 11):
 PSYoungGen      total 3584K, used 0K [0x00000000eab00000, 0x00000000eaf80000, 0x0000000100000000)
  eden space 2560K, 0% used [0x00000000eab00000,0x00000000eab00000,0x00000000ead80000)
  from space 1024K, 0% used [0x00000000ead80000,0x00000000ead80000,0x00000000eae80000)
  to   space 1024K, 0% used [0x00000000eae80000,0x00000000eae80000,0x00000000eaf80000)
 ParOldGen       total 251392K, used 229171K [0x00000000c0000000, 0x00000000cf580000, 0x00000000eab00000)
  object space 251392K, 91% used [0x00000000c0000000,0x00000000cdfccf48,0x00000000cf580000)
 Metaspace       used 73199K, committed 74304K, reserved 1114112K
  class space    used 8813K, committed 9280K, reserved 1048576K
}

